<?xml version="1.0" encoding="UTF-8"?>
<!-- Generated by org.testng.reporters.JUnitXMLReporter -->
<testsuite ignored="0" hostname="Abhishek" failures="0" tests="5" name="Arithmatic_Operation" time="0.169" errors="0" timestamp="2026-05-24T13:32:33 IST">
  <testcase classname="parameter_TestNG.Parameter_Example1" name="add" time="0.022"/>
  <testcase classname="parameter_TestNG.Parameter_Example1" name="multi" time="0.002"/>
  <testcase classname="parameter_TestNG.Parameter_Example1" name="subs" time="0.004"/>
  <testcase classname="parameter_TestNG.AutoMobileCompany" name="CompanyName" time="0.005"/>
  <testcase classname="parameter_TestNG.SoftwareCompanyName" name="CompanyName" time="0.003"/>
</testsuite> <!-- Arithmatic_Operation -->
