<?xml version="1.0" encoding="UTF-8"?>
<!-- Generated by org.testng.reporters.JUnitXMLReporter -->
<testsuite ignored="0" hostname="Abhishek" failures="2" tests="5" name="Test" time="0.24" errors="0" timestamp="2026-06-03T14:02:13 IST">
  <testcase classname="extendListnerClass.TestClass" name="Method3" time="0.016"/>
  <testcase classname="extendListnerClass.TestClass" name="Method4" time="0.024">
    <failure type="java.lang.AssertionError" message="expected [true] but found [false]">
      <![CDATA[java.lang.AssertionError: expected [true] but found [false]
at extendListnerClass.TestClass.Method4(TestClass.java:38)
at java.base/java.util.ArrayList.forEach(ArrayList.java:1511)
... Removed 31 stack frames]]>
    </failure>
  </testcase> <!-- Method4 -->
  <testcase classname="extendListnerClass.TestClass" name="Method5" time="0.002">
    <failure type="java.lang.AssertionError" message="expected [true] but found [false]">
      <![CDATA[java.lang.AssertionError: expected [true] but found [false]
at extendListnerClass.TestClass.Method5(TestClass.java:46)
at java.base/java.util.ArrayList.forEach(ArrayList.java:1511)
... Removed 31 stack frames]]>
    </failure>
  </testcase> <!-- Method5 -->
  <testcase classname="extendListnerClass.TestClass" name="Method6" time="0.004"/>
  <testcase classname="extendListnerClass.TestClass" name="Method7" time="0.004">
    <skipped/>
  </testcase> <!-- Method7 -->
</testsuite> <!-- Test -->
