<?xml version="1.0" encoding="UTF-8"?>
<!-- Generated by org.testng.reporters.JUnitReportReporter -->
<testsuite hostname="Abhishek" failures="0" tests="3" name="selenium_testing.Parellel_Testing" time="16.188" errors="0" timestamp="2026-05-21T20:47:35 IST" skipped="0">
  <testcase classname="selenium_testing.Parellel_Testing" name="cMethod" time="5.059"/>
  <testcase classname="selenium_testing.Parellel_Testing" name="bMethod" time="10.063"/>
  <testcase classname="selenium_testing.Parellel_Testing" name="aMethod" time="1.066"/>
</testsuite> <!-- selenium_testing.Parellel_Testing -->
