<?xml version="1.0" encoding="UTF-8"?>
<!-- Generated by org.testng.reporters.JUnitReportReporter -->
<testsuite hostname="Abhishek" failures="0" tests="3" name="parameter_TestNG.DataProviderex1" time="9.758" errors="0" timestamp="2026-05-25T13:30:25 IST" skipped="0">
  <testcase classname="parameter_TestNG.DataProviderex1" name="loginDemo" time="3.235"/>
  <testcase classname="parameter_TestNG.DataProviderex1" name="loginDemo" time="2.837"/>
  <testcase classname="parameter_TestNG.DataProviderex1" name="loginDemo" time="3.686"/>
</testsuite> <!-- parameter_TestNG.DataProviderex1 -->
