<?xml version="1.0" encoding="UTF-8"?>
<!-- Generated by org.testng.reporters.JUnitReportReporter -->
<testsuite hostname="Abhishek" failures="0" tests="3" name="selenium_testing.TestNG2" time="0.045" errors="0" timestamp="2026-05-21T20:17:24 IST" skipped="1">
  <testcase classname="selenium_testing.TestNG2" name="cMethod" time="0.003"/>
  <testcase classname="selenium_testing.TestNG2" name="aMethod" time="0.042"/>
  <testcase classname="selenium_testing.TestNG2" name="bMethod">
    <skipped/>
  </testcase> <!-- bMethod -->
</testsuite> <!-- selenium_testing.TestNG2 -->
